  color.cpp
f:\codingspace\registration\registration_20201114\registration_20201114\color.cpp(17): warning C4244: “=”: 从“float”转换到“int”，可能丢失数据
f:\codingspace\registration\registration_20201114\registration_20201114\color.cpp(18): warning C4244: “=”: 从“double”转换到“int”，可能丢失数据
f:\codingspace\registration\registration_20201114\registration_20201114\color.cpp(23): warning C4244: “=”: 从“float”转换到“int”，可能丢失数据
f:\codingspace\registration\registration_20201114\registration_20201114\color.cpp(28): warning C4244: “=”: 从“double”转换到“int”，可能丢失数据
  registration.cpp
f:\pcl\pcl 1.9.1\include\pcl-1.9\pcl\point_traits.h : warning C4819: 该文件包含不能在当前代码页(936)中表示的字符。请将该文件保存为 Unicode 格式以防止数据丢失
f:\pcl\pcl 1.9.1\include\pcl-1.9\pcl\sample_consensus\ransac.h : warning C4819: 该文件包含不能在当前代码页(936)中表示的字符。请将该文件保存为 Unicode 格式以防止数据丢失
f:\pcl\pcl 1.9.1\include\pcl-1.9\pcl\sample_consensus\sac_model_registration.h : warning C4819: 该文件包含不能在当前代码页(936)中表示的字符。请将该文件保存为 Unicode 格式以防止数据丢失
f:\pcl\pcl 1.9.1\include\pcl-1.9\pcl\sample_consensus\sac_model_registration.h : warning C4819: 该文件包含不能在当前代码页(936)中表示的字符。请将该文件保存为 Unicode 格式以防止数据丢失
  main.cpp
f:\pcl\pcl 1.9.1\include\pcl-1.9\pcl\point_traits.h : warning C4819: 该文件包含不能在当前代码页(936)中表示的字符。请将该文件保存为 Unicode 格式以防止数据丢失
f:\pcl\pcl 1.9.1\include\pcl-1.9\pcl\sample_consensus\ransac.h : warning C4819: 该文件包含不能在当前代码页(936)中表示的字符。请将该文件保存为 Unicode 格式以防止数据丢失
f:\pcl\pcl 1.9.1\include\pcl-1.9\pcl\sample_consensus\sac_model_registration.h : warning C4819: 该文件包含不能在当前代码页(936)中表示的字符。请将该文件保存为 Unicode 格式以防止数据丢失
f:\pcl\pcl 1.9.1\include\pcl-1.9\pcl\sample_consensus\sac_model_registration.h : warning C4819: 该文件包含不能在当前代码页(936)中表示的字符。请将该文件保存为 Unicode 格式以防止数据丢失
  正在生成代码
  10 of 6803 functions ( 0.1%) were compiled, the rest were copied from previous compilation.
    2 functions were new in current compilation
    32 functions had inline decision re-evaluated but remain unchanged
  已完成代码的生成
  Registration_20201114.vcxproj -> F:\CodingSpace\Registration\Registration_20201114\x64\Release\Registration_20201114.exe
